2026-04-02 07:45:46.982 [main] INFO  c.e.e.EventSystemApplication - Starting EventSystemApplication using Java 21.0.10 with PID 17508 (C:\Users\Admin\IdeaProjects\event-system\target\classes started by Admin in C:\Users\Admin\IdeaProjects\event-system)
2026-04-02 07:45:46.988 [main] DEBUG c.e.e.EventSystemApplication - Running with Spring Boot v4.0.2, Spring v7.0.3
2026-04-02 07:45:46.989 [main] INFO  c.e.e.EventSystemApplication - No active profile set, falling back to 1 default profile: "default"
2026-04-02 07:45:47.453 [background-preinit] INFO  o.h.validator.internal.util.Version - HV000001: Hibernate Validator 9.0.1.Final
2026-04-02 07:45:48.700 [main] INFO  o.s.d.r.c.RepositoryConfigurationDelegate - Bootstrapping Spring Data JPA repositories in DEFAULT mode.
2026-04-02 07:45:48.805 [main] INFO  o.s.d.r.c.RepositoryConfigurationDelegate - Finished Spring Data repository scanning in 92 ms. Found 5 JPA repository interfaces.
2026-04-02 07:45:49.762 [main] INFO  o.s.boot.tomcat.TomcatWebServer - Tomcat initialized with port 8080 (http)
2026-04-02 07:45:49.777 [main] INFO  o.a.coyote.http11.Http11NioProtocol - Initializing ProtocolHandler ["http-nio-8080"]
2026-04-02 07:45:49.782 [main] INFO  o.a.catalina.core.StandardService - Starting service [Tomcat]
2026-04-02 07:45:49.782 [main] INFO  o.a.catalina.core.StandardEngine - Starting Servlet engine: [Apache Tomcat/11.0.15]
2026-04-02 07:45:49.847 [main] INFO  o.s.b.w.c.s.WebApplicationContextInitializer - Root WebApplicationContext: initialization completed in 2801 ms
2026-04-02 07:45:50.087 [main] INFO  org.hibernate.orm.jpa - HHH008540: Processing PersistenceUnitInfo [name: default]
2026-04-02 07:45:50.202 [main] INFO  org.hibernate.orm.core - HHH000001: Hibernate ORM core version 7.2.1.Final
2026-04-02 07:45:50.745 [main] INFO  o.s.o.j.p.SpringPersistenceUnitInfo - No LoadTimeWeaver setup: ignoring JPA class transformer
2026-04-02 07:45:50.783 [main] INFO  com.zaxxer.hikari.HikariDataSource - HikariPool-1 - Starting...
2026-04-02 07:45:51.885 [main] INFO  com.zaxxer.hikari.pool.HikariPool - HikariPool-1 - Added connection org.postgresql.jdbc.PgConnection@7f41d979
2026-04-02 07:45:51.887 [main] INFO  com.zaxxer.hikari.HikariDataSource - HikariPool-1 - Start completed.
2026-04-02 07:45:51.940 [main] WARN  org.hibernate.orm.deprecation - HHH90000025: PostgreSQLDialect does not need to be specified explicitly using 'hibernate.dialect' (remove the property setting and it will be selected by default)
2026-04-02 07:45:51.971 [main] INFO  o.hibernate.orm.connections.pooling - HHH10001005: Database info:
	Database JDBC URL [jdbc:postgresql://localhost:5432/event_system]
	Database driver: PostgreSQL JDBC Driver
	Database dialect: PostgreSQLDialect
	Database version: 18.3
	Default catalog/schema: event_system/public
	Autocommit mode: undefined/unknown
	Isolation level: READ_COMMITTED [default READ_COMMITTED]
	JDBC fetch size: none
	Pool: DataSourceConnectionProvider
	Minimum pool size: undefined/unknown
	Maximum pool size: undefined/unknown
2026-04-02 07:45:53.108 [main] INFO  org.hibernate.orm.core - HHH000489: No JTA platform available (set 'hibernate.transaction.jta.platform' to enable JTA platform integration)
2026-04-02 07:45:53.271 [main] INFO  o.s.o.j.LocalContainerEntityManagerFactoryBean - Initialized JPA EntityManagerFactory for persistence unit 'default'
2026-04-02 07:45:53.500 [main] INFO  o.s.d.j.r.q.QueryEnhancerFactories - Hibernate is in classpath; If applicable, HQL parser will be used.
2026-04-02 07:45:55.550 [main] WARN  o.s.b.j.a.JpaBaseConfiguration$JpaWebConfiguration - spring.jpa.open-in-view is enabled by default.
Therefore, database queries may be performed during view rendering. Explicitly configure spring.jpa.open-in-view to disable this warning
2026-04-02 07:45:56.169 [main] INFO  o.a.coyote.http11.Http11NioProtocol - Starting ProtocolHandler ["http-nio-8080"]
2026-04-02 07:45:56.185 [main] INFO  o.s.boot.tomcat.TomcatWebServer - Tomcat started on port 8080 (http) with context path '/'
2026-04-02 07:45:56.190 [main] INFO  c.e.e.EventSystemApplication - Started EventSystemApplication in 9.918 seconds (process running for 17.652)
2026-04-02 07:46:27.863 [http-nio-8080-exec-7] INFO  o.a.c.c.C.[Tomcat].[localhost].[/] - Initializing Spring DispatcherServlet 'dispatcherServlet'
2026-04-02 07:46:27.863 [http-nio-8080-exec-7] INFO  o.s.web.servlet.DispatcherServlet - Initializing Servlet 'dispatcherServlet'
2026-04-02 07:46:27.866 [http-nio-8080-exec-7] INFO  o.s.web.servlet.DispatcherServlet - Completed initialization in 3 ms
2026-04-02 07:46:28.168 [http-nio-8080-exec-7] WARN  c.e.e.e.GlobalExceptionHandler - CLIENT ERROR at /api/v1/users/register: 400 - Invalid input data
2026-04-02 07:47:34.533 [http-nio-8080-exec-3] DEBUG org.hibernate.SQL - 
    insert 
    into
        users
        (email, full_name) 
    values
        (?, ?)
2026-04-02 07:47:34.560 [http-nio-8080-exec-3] WARN  org.hibernate.orm.jdbc.error - HHH000247: ErrorCode: 0, SQLState: 23505
2026-04-02 07:47:34.560 [http-nio-8080-exec-3] WARN  org.hibernate.orm.jdbc.error - ОШИБКА: duplicate key value violates unique constraint "uk6dotkott2kjsp8vw4d0m25fb7"
  Подробности: Key (email)=(adresw@example.com) already exists.
2026-04-02 07:47:34.574 [http-nio-8080-exec-3] INFO  c.e.eventsystem.aspect.LoggingAspect - Method UserServiceImpl.register(..) executed in 97 ms
2026-04-02 07:47:34.580 [http-nio-8080-exec-3] WARN  c.e.e.e.GlobalExceptionHandler - CLIENT ERROR at /api/v1/users/register: 409 - Database integrity constraint violation
2026-04-02 07:50:52.753 [http-nio-8080-exec-8] DEBUG org.hibernate.SQL - 
    select
        u1_0.id,
        u1_0.email,
        u1_0.full_name 
    from
        users u1_0
2026-04-02 07:50:52.794 [http-nio-8080-exec-8] INFO  c.e.eventsystem.aspect.LoggingAspect - Method UserServiceImpl.getAllUsers() executed in 150 ms
2026-04-02 07:56:20.368 [SpringApplicationShutdownHook] INFO  o.s.boot.tomcat.GracefulShutdown - Commencing graceful shutdown. Waiting for active requests to complete
2026-04-02 07:56:20.384 [tomcat-shutdown] INFO  o.s.boot.tomcat.GracefulShutdown - Graceful shutdown complete
2026-04-02 07:56:20.388 [SpringApplicationShutdownHook] INFO  o.s.o.j.LocalContainerEntityManagerFactoryBean - Closing JPA EntityManagerFactory for persistence unit 'default'
2026-04-02 07:56:20.391 [SpringApplicationShutdownHook] INFO  com.zaxxer.hikari.HikariDataSource - HikariPool-1 - Shutdown initiated...
2026-04-02 07:56:20.393 [SpringApplicationShutdownHook] INFO  com.zaxxer.hikari.HikariDataSource - HikariPool-1 - Shutdown completed.
